
> @academy/web@0.0.0 build /Users/poski/academy/apps/web
> next build

  ▲ Next.js 14.2.20

   Creating an optimized production build ...
 ✓ Compiled successfully
   Linting and checking validity of types ...

   We detected TypeScript in your project and reconfigured your tsconfig.json file for you. Strict-mode is set to false by default.
   The following suggested values were added to your tsconfig.json. These values can be changed to fit your project's needs:

   	- include was updated to add '.next/types/**/*.ts'

   Collecting page data ...
   Generating static pages (0/4) ...
   Generating static pages (1/4) 
   Generating static pages (2/4) 
   Generating static pages (3/4) 
 ✓ Generating static pages (4/4)
   Finalizing page optimization ...
   Collecting build traces ...

Route (app)                              Size     First Load JS
┌ ƒ /                                    138 B          87.2 kB
└ ○ /_not-found                          871 B            88 kB
+ First Load JS shared by all            87.1 kB
  ├ chunks/6449a979-feed40b64d69e69a.js  53.6 kB
  ├ chunks/696-dff5a1bded338229.js       31.6 kB
  └ other shared chunks (total)          1.86 kB


○  (Static)   prerendered as static content
ƒ  (Dynamic)  server-rendered on demand

